GoSpot server listening on http://127.0.0.1:41771
I0301 08:39:47.543840    6893 server.go:154] Server started on 127.0.0.1:41771
I0301 08:40:59.588346    6893 server.go:122] Serving app.wasm
I0301 08:40:59.913425    6893 server.go:122] Serving app.wasm
I0301 08:41:44.315452    6893 server.go:122] Serving app.wasm
I0301 08:41:44.412531    6893 server.go:122] Serving app.wasm
I0301 08:42:25.297869    6893 server.go:122] Serving app.wasm
I0301 08:42:25.412726    6893 server.go:122] Serving app.wasm
I0301 08:42:45.282278    6893 server.go:122] Serving app.wasm
I0301 08:42:45.394763    6893 server.go:122] Serving app.wasm
I0301 08:43:34.158262    6893 server.go:122] Serving app.wasm
I0301 08:43:34.263327    6893 server.go:122] Serving app.wasm
I0301 08:44:06.044129    6893 server.go:122] Serving app.wasm
I0301 08:44:06.137309    6893 server.go:122] Serving app.wasm
I0301 08:44:06.677774    6893 state.go:43] HandleWS: Incoming connection from 127.0.0.1:57032
I0301 08:44:06.700993    6893 state.go:60] HandleWS: Received initial message type: join
I0301 08:44:06.701193    6893 state.go:84] HandleWS: Player SoloPlayer (1772354646543000000, Symbol: 9) joining table Table-1023
I0301 08:44:06.701211    6893 state.go:120] joinTable: Creating new table Table-1023
I0301 08:44:06.701218    6893 state.go:131] joinTable: Adding player "SoloPlayer" (Symbol: 9) to table Table-1023
I0301 08:44:06.701289    6893 state.go:86] HandleWS: Table: Table Table-1023: name=Table-1023, started=false, round=0, targetCard=[], players: SoloPlayer (0, 0 cards),
I0301 08:44:06.719815    6893 state.go:109] HandleWS: Received message type: pong
I0301 08:44:06.719873    6893 state.go:245] tableHandleMessage: Player SoloPlayer latency: 9.282512ms
I0301 08:44:09.234988    6893 state.go:109] HandleWS: Received message type: start
I0301 08:44:09.247536    6893 state.go:109] HandleWS: Received message type: pong
I0301 08:44:09.247585    6893 state.go:245] tableHandleMessage: Player SoloPlayer latency: 6.183377ms
I0301 08:44:11.543395    6893 state.go:101] HandleWS: Client disconnected normally
I0301 08:44:11.543436    6893 state.go:198] Table Table-1023 has no active connections, deleting.
